<?xml version="1.0" encoding="UTF-8"?>
<!DOCTYPE xml>

<persistence xmlns="http://java.sun.com/xml/ns/persistence" version="1.0">
   
</persistence>
